[2018-12-05 18:50:43.984] [info] Checking for update
[2018-12-05 18:50:44.107] [info] Generated new staging user ID: 1208d149-74cf-5acd-bcf7-86bfb2fba9f5
[2018-12-05 18:50:46.266] [info] Update for version 1.11.2 is not available (latest version: 1.11.2, downgrade is disallowed).
[2018-12-05 19:36:16.363] [info] Checking for update
[2018-12-05 19:36:18.406] [info] Update for version 1.11.2 is not available (latest version: 1.11.2, downgrade is disallowed).
[2018-12-05 19:39:45.827] [info] Checking for update
[2018-12-05 19:39:47.509] [info] Update for version 1.11.2 is not available (latest version: 1.11.2, downgrade is disallowed).
[2018-12-05 20:20:27.292] [info] Checking for update
[2018-12-05 20:20:28.848] [info] Update for version 1.11.2 is not available (latest version: 1.11.2, downgrade is disallowed).
[2018-12-18 14:57:43.989] [info] Checking for update
[2018-12-18 14:57:45.426] [info] Update for version 1.11.2 is not available (latest version: 1.11.2, downgrade is disallowed).
[2018-12-28 13:43:26.602] [info] Checking for update
[2018-12-28 13:43:27.958] [info] Update for version 1.11.2 is not available (latest version: 1.11.2, downgrade is disallowed).
[2019-01-04 06:10:46.370] [info] Checking for update
[2019-01-04 06:10:47.816] [info] Found version 1.12.0 (url: Bitwarden-1.12.0-x86_64.AppImage)
[2019-01-04 06:10:47.817] [info] Downloading update from Bitwarden-1.12.0-x86_64.AppImage
[2019-01-04 06:10:47.855] [info] No cached update info available
[2019-01-04 06:10:48.337] [info] File has 2732 changed blocks
[2019-01-04 06:10:48.340] [info] Full: 55,972.61 KB, To download: 55,706.7 KB (100%)
[2019-01-04 06:10:48.343] [info] Differential download: https://github.com/bitwarden/desktop/releases/download/v1.12.0/Bitwarden-1.12.0-x86_64.AppImage
[2019-01-04 06:10:48.526] [info] Redirect to https://github-production-release-asset-2e65be.s3.amazonaws.com/76930145/02d62980-0d08-11e9-837a-2f1dab652d6e
