[2019-06-04 11:29:28:0115] [info] Checking for update
[2019-06-04 11:29:28:0327] [info] Generated new staging user ID: edbdf337-6c24-5234-aaee-a6fe0d716430
[2019-06-04 11:29:30:0348] [info] Update for version 3.0.9 is not available (latest version: 3.0.9, downgrade is disallowed).
[2019-06-04 14:45:15:0505] [info] Checking for update
[2019-06-04 14:45:17:0235] [info] Update for version 3.0.9 is not available (latest version: 3.0.9, downgrade is disallowed).
[2019-06-04 17:37:58:0418] [info] Checking for update
[2019-06-04 17:38:01:0236] [info] Update for version 3.0.9 is not available (latest version: 3.0.9, downgrade is disallowed).
[2019-06-06 03:55:38:0281] [info] Checking for update
[2019-06-06 03:55:40:0810] [info] Update for version 3.0.9 is not available (latest version: 3.0.9, downgrade is disallowed).
[2019-06-06 03:56:58:0522] [info] Checking for update
[2019-06-06 03:57:00:0562] [info] Checking for update
[2019-06-06 03:57:01:0299] [info] Update for version 3.0.9 is not available (latest version: 3.0.9, downgrade is disallowed).
[2019-06-06 03:57:01:0542] [info] Checking for update
[2019-06-06 03:57:06:0658] [info] Update for version 3.0.9 is not available (latest version: 3.0.9, downgrade is disallowed).
[2019-06-06 03:57:07:0998] [info] Update for version 3.0.9 is not available (latest version: 3.0.9, downgrade is disallowed).
[2019-06-06 20:29:10:0077] [info] Checking for update
[2019-06-06 20:29:12:0116] [info] Update for version 3.0.9 is not available (latest version: 3.0.9, downgrade is disallowed).
[2019-06-07 16:49:57:0652] [info] Checking for update
[2019-06-07 16:49:59:0766] [info] Found version 3.0.12 (url: standard-notes-3.0.12-x86_64.AppImage)
[2019-06-07 16:49:59:0770] [info] Downloading update from standard-notes-3.0.12-x86_64.AppImage
[2019-06-07 16:49:59:0824] [info] No cached update available
[2019-06-07 16:50:00:0334] [info] File has 2526 changed blocks
[2019-06-07 16:50:00:0337] [info] Full: 59,884.98 KB, To download: 51,691.12 KB (86%)
[2019-06-07 16:50:00:0344] [info] Differential download: https://github.com/standardnotes/desktop/releases/download/v3.0.12/standard-notes-3.0.12-x86_64.AppImage
[2019-06-07 16:50:00:0542] [info] Redirect to https://github-production-release-asset-2e65be.s3.amazonaws.com/77399704/5da22b80-890d-11e9-9166-8fbdea845277
[2019-06-07 16:50:12:0400] [info] New version 3.0.12 has been downloaded to /home/terminus/.config/Standard Notes/standard-notes-3.0.12-x86_64.AppImage
[2019-06-08 10:44:24:0071] [info] Auto install update on quit
[2019-06-08 10:44:24:0074] [info] Install: isSilent: true, isRunAfter: false
[2019-06-11 16:22:58:0896] [info] Checking for update
[2019-06-11 16:23:00:0786] [info] Update for version 3.0.12 is not available (latest version: 3.0.12, downgrade is disallowed).
[2019-06-11 16:24:34:0834] [info] Checking for update
[2019-06-11 16:24:36:0842] [info] Update for version 3.0.12 is not available (latest version: 3.0.12, downgrade is disallowed).
[2019-06-11 16:25:45:0828] [info] Checking for update
[2019-06-11 16:25:48:0205] [info] Update for version 3.0.12 is not available (latest version: 3.0.12, downgrade is disallowed).
[2019-06-11 16:26:54:0956] [info] Checking for update
[2019-06-11 16:26:57:0089] [info] Update for version 3.0.12 is not available (latest version: 3.0.12, downgrade is disallowed).
[2019-06-11 16:29:16:0935] [info] Checking for update
[2019-06-11 16:29:18:0647] [info] Update for version 3.0.12 is not available (latest version: 3.0.12, downgrade is disallowed).
[2019-06-11 16:30:17:0536] [info] Checking for update
[2019-06-11 16:30:19:0409] [info] Update for version 3.0.12 is not available (latest version: 3.0.12, downgrade is disallowed).
[2019-06-11 16:31:01:0803] [info] Checking for update
[2019-06-11 16:31:03:0725] [info] Update for version 3.0.12 is not available (latest version: 3.0.12, downgrade is disallowed).
[2019-06-11 16:52:38:0740] [info] Checking for update
[2019-06-11 16:52:40:0540] [info] Update for version 3.0.12 is not available (latest version: 3.0.12, downgrade is disallowed).
[2019-06-11 16:55:26:0998] [info] Checking for update
[2019-06-11 16:55:28:0779] [info] Update for version 3.0.12 is not available (latest version: 3.0.12, downgrade is disallowed).
[2019-06-11 17:12:52:0416] [info] Checking for update
[2019-06-11 17:12:54:0170] [info] Update for version 3.0.12 is not available (latest version: 3.0.12, downgrade is disallowed).
[2019-06-11 17:36:46:0359] [info] Checking for update
[2019-06-11 17:36:48:0142] [info] Update for version 3.0.12 is not available (latest version: 3.0.12, downgrade is disallowed).
[2019-06-11 17:37:49:0938] [info] Checking for update
[2019-06-11 17:37:51:0667] [info] Update for version 3.0.12 is not available (latest version: 3.0.12, downgrade is disallowed).
[2019-06-11 17:38:52:0164] [info] Checking for update
[2019-06-11 17:38:53:0927] [info] Update for version 3.0.12 is not available (latest version: 3.0.12, downgrade is disallowed).
[2019-06-11 17:42:30:0450] [info] Checking for update
[2019-06-11 17:42:30:0889] [error] Error: Error: net::ERR_INTERNET_DISCONNECTED
    at CancellationToken.createPromise (/tmp/.mount_standa5AaZl8/app/resources/app.asar/node_modules/builder-util-runtime/src/CancellationToken.ts:51:12)
    at ElectronHttpExecutor.doApiRequest (/tmp/.mount_standa5AaZl8/app/resources/app.asar/node_modules/builder-util-runtime/src/httpExecutor.ts:81:30)
    at ElectronHttpExecutor.request (/tmp/.mount_standa5AaZl8/app/resources/app.asar/node_modules/builder-util-runtime/src/httpExecutor.ts:73:17)
    at GitHubProvider.httpRequest (/tmp/.mount_standa5AaZl8/app/resources/app.asar/node_modules/electron-updater/src/Provider.ts:26:26)
    at /tmp/.mount_standa5AaZl8/app/resources/app.asar/node_modules/electron-updater/src/GitHubProvider.ts:38:41
    at Generator.next (<anonymous>)
From previous event:
    at GitHubProvider.getLatestVersion (/tmp/.mount_standa5AaZl8/app/resources/app.asar/node_modules/electron-updater/out/GitHubProvider.js:167:7)
    at /tmp/.mount_standa5AaZl8/app/resources/app.asar/node_modules/electron-updater/src/AppUpdater.ts:304:25
    at Generator.next (<anonymous>)
    at runCallback (timers.js:781:20)
    at tryOnImmediate (timers.js:743:5)
    at processImmediate [as _immediateCallback] (timers.js:714:5)
From previous event:
    at AppImageUpdater.getUpdateInfo (/tmp/.mount_standa5AaZl8/app/resources/app.asar/node_modules/electron-updater/out/AppUpdater.js:460:7)
    at /tmp/.mount_standa5AaZl8/app/resources/app.asar/node_modules/electron-updater/src/AppUpdater.ts:308:35
    at Generator.next (<anonymous>)
From previous event:
    at AppImageUpdater.doCheckForUpdates (/tmp/.mount_standa5AaZl8/app/resources/app.asar/node_modules/electron-updater/out/AppUpdater.js:502:7)
    at /tmp/.mount_standa5AaZl8/app/resources/app.asar/node_modules/electron-updater/src/AppUpdater.ts:279:25
    at Generator.next (<anonymous>)
    at runCallback (timers.js:781:20)
    at tryOnImmediate (timers.js:743:5)
    at processImmediate [as _immediateCallback] (timers.js:714:5)
From previous event:
    at AppImageUpdater._checkForUpdates (/tmp/.mount_standa5AaZl8/app/resources/app.asar/node_modules/electron-updater/out/AppUpdater.js:433:7)
    at AppImageUpdater.checkForUpdates (/tmp/.mount_standa5AaZl8/app/resources/app.asar/node_modules/electron-updater/src/AppUpdater.ts:217:35)
    at UpdateManager.__checkAutoupdate (/tmp/.mount_standa5AaZl8/app/resources/app.asar/dist/javascripts/main/updateManager.js:144:21)
    at UpdateManager.checkForUpdate (/tmp/.mount_standa5AaZl8/app/resources/app.asar/dist/javascripts/main/updateManager.js:159:12)
    at /tmp/.mount_standa5AaZl8/app/resources/app.asar/dist/javascripts/main/updateManager.js:54:13
    at /tmp/.mount_standa5AaZl8/app/resources/app.asar/dist/javascripts/main/updateManager.js:284:9
    at /tmp/.mount_standa5AaZl8/app/resources/app.asar/dist/javascripts/main/fileUtils.js:39:9
    at tryToString (fs.js:513:3)
    at FSReqWrap.readFileAfterClose [as oncomplete] (fs.js:501:12)
[2019-06-11 17:47:38:0185] [info] Checking for update
[2019-06-11 17:47:38:0578] [error] Error: Error: net::ERR_NETWORK_CHANGED
    at CancellationToken.createPromise (/tmp/.mount_standaZHrSJ2/app/resources/app.asar/node_modules/builder-util-runtime/src/CancellationToken.ts:51:12)
    at ElectronHttpExecutor.doApiRequest (/tmp/.mount_standaZHrSJ2/app/resources/app.asar/node_modules/builder-util-runtime/src/httpExecutor.ts:81:30)
    at ElectronHttpExecutor.request (/tmp/.mount_standaZHrSJ2/app/resources/app.asar/node_modules/builder-util-runtime/src/httpExecutor.ts:73:17)
    at GitHubProvider.httpRequest (/tmp/.mount_standaZHrSJ2/app/resources/app.asar/node_modules/electron-updater/src/Provider.ts:26:26)
    at /tmp/.mount_standaZHrSJ2/app/resources/app.asar/node_modules/electron-updater/src/GitHubProvider.ts:38:41
    at Generator.next (<anonymous>)
From previous event:
    at GitHubProvider.getLatestVersion (/tmp/.mount_standaZHrSJ2/app/resources/app.asar/node_modules/electron-updater/out/GitHubProvider.js:167:7)
    at /tmp/.mount_standaZHrSJ2/app/resources/app.asar/node_modules/electron-updater/src/AppUpdater.ts:304:25
    at Generator.next (<anonymous>)
    at runCallback (timers.js:781:20)
    at tryOnImmediate (timers.js:743:5)
    at processImmediate [as _immediateCallback] (timers.js:714:5)
From previous event:
    at AppImageUpdater.getUpdateInfo (/tmp/.mount_standaZHrSJ2/app/resources/app.asar/node_modules/electron-updater/out/AppUpdater.js:460:7)
    at /tmp/.mount_standaZHrSJ2/app/resources/app.asar/node_modules/electron-updater/src/AppUpdater.ts:308:35
    at Generator.next (<anonymous>)
From previous event:
    at AppImageUpdater.doCheckForUpdates (/tmp/.mount_standaZHrSJ2/app/resources/app.asar/node_modules/electron-updater/out/AppUpdater.js:502:7)
    at /tmp/.mount_standaZHrSJ2/app/resources/app.asar/node_modules/electron-updater/src/AppUpdater.ts:279:25
    at Generator.next (<anonymous>)
    at runCallback (timers.js:781:20)
    at tryOnImmediate (timers.js:743:5)
    at processImmediate [as _immediateCallback] (timers.js:714:5)
From previous event:
    at AppImageUpdater._checkForUpdates (/tmp/.mount_standaZHrSJ2/app/resources/app.asar/node_modules/electron-updater/out/AppUpdater.js:433:7)
    at AppImageUpdater.checkForUpdates (/tmp/.mount_standaZHrSJ2/app/resources/app.asar/node_modules/electron-updater/src/AppUpdater.ts:217:35)
    at UpdateManager.__checkAutoupdate (/tmp/.mount_standaZHrSJ2/app/resources/app.asar/dist/javascripts/main/updateManager.js:144:21)
    at UpdateManager.checkForUpdate (/tmp/.mount_standaZHrSJ2/app/resources/app.asar/dist/javascripts/main/updateManager.js:159:12)
    at /tmp/.mount_standaZHrSJ2/app/resources/app.asar/dist/javascripts/main/updateManager.js:54:13
    at /tmp/.mount_standaZHrSJ2/app/resources/app.asar/dist/javascripts/main/updateManager.js:284:9
    at /tmp/.mount_standaZHrSJ2/app/resources/app.asar/dist/javascripts/main/fileUtils.js:39:9
    at tryToString (fs.js:513:3)
    at FSReqWrap.readFileAfterClose [as oncomplete] (fs.js:501:12)
[2019-06-11 17:49:07:0145] [info] Checking for update
[2019-06-11 17:49:09:0025] [info] Update for version 3.0.12 is not available (latest version: 3.0.12, downgrade is disallowed).
[2019-06-12 11:17:15:0941] [info] Checking for update
[2019-06-12 11:17:19:0210] [info] Update for version 3.0.12 is not available (latest version: 3.0.12, downgrade is disallowed).
[2019-06-12 15:00:09:0181] [info] Checking for update
[2019-06-12 15:00:13:0018] [info] Update for version 3.0.12 is not available (latest version: 3.0.12, downgrade is disallowed).
[2019-06-12 16:44:57:0980] [info] Checking for update
[2019-06-12 16:44:59:0840] [info] Update for version 3.0.12 is not available (latest version: 3.0.12, downgrade is disallowed).
[2019-06-13 03:01:18:0107] [info] Checking for update
[2019-06-13 03:01:20:0319] [info] Update for version 3.0.12 is not available (latest version: 3.0.12, downgrade is disallowed).
[2019-06-13 03:32:30:0333] [info] Checking for update
[2019-06-13 03:32:32:0530] [info] Update for version 3.0.12 is not available (latest version: 3.0.12, downgrade is disallowed).
[2019-06-13 03:40:07:0390] [info] Checking for update
[2019-06-13 03:40:09:0541] [info] Update for version 3.0.12 is not available (latest version: 3.0.12, downgrade is disallowed).
[2019-06-13 06:34:27:0759] [info] Checking for update
[2019-06-13 06:34:28:0272] [error] Error: Error: net::ERR_INTERNET_DISCONNECTED
    at CancellationToken.createPromise (/tmp/.mount_standaZvd9CM/app/resources/app.asar/node_modules/builder-util-runtime/src/CancellationToken.ts:51:12)
    at ElectronHttpExecutor.doApiRequest (/tmp/.mount_standaZvd9CM/app/resources/app.asar/node_modules/builder-util-runtime/src/httpExecutor.ts:81:30)
    at ElectronHttpExecutor.request (/tmp/.mount_standaZvd9CM/app/resources/app.asar/node_modules/builder-util-runtime/src/httpExecutor.ts:73:17)
    at GitHubProvider.httpRequest (/tmp/.mount_standaZvd9CM/app/resources/app.asar/node_modules/electron-updater/src/Provider.ts:26:26)
    at /tmp/.mount_standaZvd9CM/app/resources/app.asar/node_modules/electron-updater/src/GitHubProvider.ts:38:41
    at Generator.next (<anonymous>)
From previous event:
    at GitHubProvider.getLatestVersion (/tmp/.mount_standaZvd9CM/app/resources/app.asar/node_modules/electron-updater/out/GitHubProvider.js:167:7)
    at /tmp/.mount_standaZvd9CM/app/resources/app.asar/node_modules/electron-updater/src/AppUpdater.ts:304:25
    at Generator.next (<anonymous>)
    at runCallback (timers.js:781:20)
    at tryOnImmediate (timers.js:743:5)
    at processImmediate [as _immediateCallback] (timers.js:714:5)
From previous event:
    at AppImageUpdater.getUpdateInfo (/tmp/.mount_standaZvd9CM/app/resources/app.asar/node_modules/electron-updater/out/AppUpdater.js:460:7)
    at /tmp/.mount_standaZvd9CM/app/resources/app.asar/node_modules/electron-updater/src/AppUpdater.ts:308:35
    at Generator.next (<anonymous>)
From previous event:
    at AppImageUpdater.doCheckForUpdates (/tmp/.mount_standaZvd9CM/app/resources/app.asar/node_modules/electron-updater/out/AppUpdater.js:502:7)
    at /tmp/.mount_standaZvd9CM/app/resources/app.asar/node_modules/electron-updater/src/AppUpdater.ts:279:25
    at Generator.next (<anonymous>)
    at runCallback (timers.js:781:20)
    at tryOnImmediate (timers.js:743:5)
    at processImmediate [as _immediateCallback] (timers.js:714:5)
From previous event:
    at AppImageUpdater._checkForUpdates (/tmp/.mount_standaZvd9CM/app/resources/app.asar/node_modules/electron-updater/out/AppUpdater.js:433:7)
    at AppImageUpdater.checkForUpdates (/tmp/.mount_standaZvd9CM/app/resources/app.asar/node_modules/electron-updater/src/AppUpdater.ts:217:35)
    at UpdateManager.__checkAutoupdate (/tmp/.mount_standaZvd9CM/app/resources/app.asar/dist/javascripts/main/updateManager.js:144:21)
    at UpdateManager.checkForUpdate (/tmp/.mount_standaZvd9CM/app/resources/app.asar/dist/javascripts/main/updateManager.js:159:12)
    at /tmp/.mount_standaZvd9CM/app/resources/app.asar/dist/javascripts/main/updateManager.js:54:13
    at /tmp/.mount_standaZvd9CM/app/resources/app.asar/dist/javascripts/main/updateManager.js:284:9
    at /tmp/.mount_standaZvd9CM/app/resources/app.asar/dist/javascripts/main/fileUtils.js:39:9
    at tryToString (fs.js:513:3)
    at FSReqWrap.readFileAfterClose [as oncomplete] (fs.js:501:12)
[2019-06-13 11:29:55:0989] [info] Checking for update
[2019-06-13 11:29:59:0838] [info] Update for version 3.0.12 is not available (latest version: 3.0.12, downgrade is disallowed).
[2019-06-13 14:59:58:0004] [info] Checking for update
[2019-06-13 15:00:01:0630] [info] Update for version 3.0.12 is not available (latest version: 3.0.12, downgrade is disallowed).
[2019-06-13 18:28:52:0171] [info] Checking for update
[2019-06-13 18:28:52:0659] [error] Error: Error: net::ERR_INTERNET_DISCONNECTED
    at CancellationToken.createPromise (/tmp/.mount_standarqUZFa/app/resources/app.asar/node_modules/builder-util-runtime/src/CancellationToken.ts:51:12)
    at ElectronHttpExecutor.doApiRequest (/tmp/.mount_standarqUZFa/app/resources/app.asar/node_modules/builder-util-runtime/src/httpExecutor.ts:81:30)
    at ElectronHttpExecutor.request (/tmp/.mount_standarqUZFa/app/resources/app.asar/node_modules/builder-util-runtime/src/httpExecutor.ts:73:17)
    at GitHubProvider.httpRequest (/tmp/.mount_standarqUZFa/app/resources/app.asar/node_modules/electron-updater/src/Provider.ts:26:26)
    at /tmp/.mount_standarqUZFa/app/resources/app.asar/node_modules/electron-updater/src/GitHubProvider.ts:38:41
    at Generator.next (<anonymous>)
From previous event:
    at GitHubProvider.getLatestVersion (/tmp/.mount_standarqUZFa/app/resources/app.asar/node_modules/electron-updater/out/GitHubProvider.js:167:7)
    at /tmp/.mount_standarqUZFa/app/resources/app.asar/node_modules/electron-updater/src/AppUpdater.ts:304:25
    at Generator.next (<anonymous>)
    at runCallback (timers.js:781:20)
    at tryOnImmediate (timers.js:743:5)
    at processImmediate [as _immediateCallback] (timers.js:714:5)
From previous event:
    at AppImageUpdater.getUpdateInfo (/tmp/.mount_standarqUZFa/app/resources/app.asar/node_modules/electron-updater/out/AppUpdater.js:460:7)
    at /tmp/.mount_standarqUZFa/app/resources/app.asar/node_modules/electron-updater/src/AppUpdater.ts:308:35
    at Generator.next (<anonymous>)
From previous event:
    at AppImageUpdater.doCheckForUpdates (/tmp/.mount_standarqUZFa/app/resources/app.asar/node_modules/electron-updater/out/AppUpdater.js:502:7)
    at /tmp/.mount_standarqUZFa/app/resources/app.asar/node_modules/electron-updater/src/AppUpdater.ts:279:25
    at Generator.next (<anonymous>)
    at runCallback (timers.js:781:20)
    at tryOnImmediate (timers.js:743:5)
    at processImmediate [as _immediateCallback] (timers.js:714:5)
From previous event:
    at AppImageUpdater._checkForUpdates (/tmp/.mount_standarqUZFa/app/resources/app.asar/node_modules/electron-updater/out/AppUpdater.js:433:7)
    at AppImageUpdater.checkForUpdates (/tmp/.mount_standarqUZFa/app/resources/app.asar/node_modules/electron-updater/src/AppUpdater.ts:217:35)
    at UpdateManager.__checkAutoupdate (/tmp/.mount_standarqUZFa/app/resources/app.asar/dist/javascripts/main/updateManager.js:144:21)
    at UpdateManager.checkForUpdate (/tmp/.mount_standarqUZFa/app/resources/app.asar/dist/javascripts/main/updateManager.js:159:12)
    at /tmp/.mount_standarqUZFa/app/resources/app.asar/dist/javascripts/main/updateManager.js:54:13
    at /tmp/.mount_standarqUZFa/app/resources/app.asar/dist/javascripts/main/updateManager.js:284:9
    at /tmp/.mount_standarqUZFa/app/resources/app.asar/dist/javascripts/main/fileUtils.js:39:9
    at tryToString (fs.js:513:3)
    at FSReqWrap.readFileAfterClose [as oncomplete] (fs.js:501:12)
[2019-06-14 03:15:52:0041] [info] Checking for update
[2019-06-14 03:15:54:0060] [info] Update for version 3.0.12 is not available (latest version: 3.0.12, downgrade is disallowed).
[2019-06-15 14:12:24:0418] [info] Checking for update
[2019-06-15 18:02:23:0827] [info] Checking for update
[2019-06-15 18:02:25:0806] [info] Found version 3.0.14 (url: standard-notes-3.0.14-x86_64.AppImage)
[2019-06-15 18:02:25:0808] [info] Downloading update from standard-notes-3.0.14-x86_64.AppImage
[2019-06-15 18:02:25:0832] [info] No cached update available
[2019-06-15 18:02:26:0347] [info] File has 205 changed blocks
[2019-06-15 18:02:26:0351] [info] Full: 59,885.16 KB, To download: 4,251.49 KB (7%)
[2019-06-15 18:02:26:0390] [info] Differential download: https://github.com/standardnotes/desktop/releases/download/v3.0.14/standard-notes-3.0.14-x86_64.AppImage
[2019-06-15 18:02:26:0645] [info] Redirect to https://github-production-release-asset-2e65be.s3.amazonaws.com/77399704/b1bd8a80-8e8e-11e9-8138-dabdebc1f984
[2019-06-15 18:02:29:0542] [info] New version 3.0.14 has been downloaded to /home/terminus/.config/Standard Notes/standard-notes-3.0.14-x86_64.AppImage
[2019-06-16 07:12:37:0292] [info] Checking for update
[2019-06-16 07:12:39:0364] [info] Found version 3.0.14 (url: standard-notes-3.0.14-x86_64.AppImage)
[2019-06-16 07:12:39:0366] [info] Downloading update from standard-notes-3.0.14-x86_64.AppImage
[2019-06-16 07:12:40:0138] [info] Update has already been downloaded /home/terminus/.config/Standard Notes/standard-notes-3.0.14-x86_64.AppImage).
[2019-06-16 08:48:20:0831] [info] Checking for update
[2019-06-16 08:48:22:0304] [info] Found version 3.0.14 (url: standard-notes-3.0.14-x86_64.AppImage)
[2019-06-16 08:48:22:0305] [info] Downloading update from standard-notes-3.0.14-x86_64.AppImage
[2019-06-16 08:48:22:0714] [info] Update has already been downloaded /home/terminus/.config/Standard Notes/standard-notes-3.0.14-x86_64.AppImage).
[2019-06-17 07:06:04:0091] [info] Checking for update
[2019-06-17 07:06:10:0546] [info] Found version 3.0.14 (url: standard-notes-3.0.14-x86_64.AppImage)
[2019-06-17 07:06:10:0547] [info] Downloading update from standard-notes-3.0.14-x86_64.AppImage
[2019-06-17 07:06:10:0860] [info] Update has already been downloaded /home/terminus/.config/Standard Notes/standard-notes-3.0.14-x86_64.AppImage).
[2019-06-18 11:15:17:0626] [info] Checking for update
[2019-06-18 11:15:23:0351] [info] Found version 3.0.14 (url: standard-notes-3.0.14-x86_64.AppImage)
[2019-06-18 11:15:23:0355] [info] Downloading update from standard-notes-3.0.14-x86_64.AppImage
[2019-06-18 11:15:24:0566] [info] Update has already been downloaded /home/terminus/.config/Standard Notes/standard-notes-3.0.14-x86_64.AppImage).
[2019-06-18 16:27:11:0682] [info] Checking for update
[2019-06-18 16:27:17:0402] [info] Found version 3.0.14 (url: standard-notes-3.0.14-x86_64.AppImage)
[2019-06-18 16:27:17:0404] [info] Downloading update from standard-notes-3.0.14-x86_64.AppImage
[2019-06-18 16:27:18:0673] [info] Update has already been downloaded /home/terminus/.config/Standard Notes/standard-notes-3.0.14-x86_64.AppImage).
[2019-06-18 21:17:32:0913] [info] Checking for update
[2019-06-18 21:17:34:0922] [info] Found version 3.0.14 (url: standard-notes-3.0.14-x86_64.AppImage)
[2019-06-18 21:17:34:0924] [info] Downloading update from standard-notes-3.0.14-x86_64.AppImage
[2019-06-18 21:17:36:0317] [info] Update has already been downloaded /home/terminus/.config/Standard Notes/standard-notes-3.0.14-x86_64.AppImage).
[2019-06-19 04:04:46:0179] [info] Auto install update on quit
[2019-06-19 04:04:46:0182] [info] Install: isSilent: true, isRunAfter: false
[2019-06-19 16:14:36:0280] [info] Checking for update
[2019-06-19 16:14:38:0045] [info] Update for version 3.0.14 is not available (latest version: 3.0.14, downgrade is disallowed).
[2019-06-20 03:30:15:0670] [info] Checking for update
[2019-06-20 03:30:17:0514] [info] Update for version 3.0.14 is not available (latest version: 3.0.14, downgrade is disallowed).
[2019-06-20 05:50:03:0611] [info] Checking for update
[2019-06-20 05:50:03:0859] [error] Error: Error: net::ERR_INTERNET_DISCONNECTED
    at CancellationToken.createPromise (/tmp/.mount_standagXYCfU/app/resources/app.asar/node_modules/builder-util-runtime/src/CancellationToken.ts:51:12)
    at ElectronHttpExecutor.doApiRequest (/tmp/.mount_standagXYCfU/app/resources/app.asar/node_modules/builder-util-runtime/src/httpExecutor.ts:81:30)
    at ElectronHttpExecutor.request (/tmp/.mount_standagXYCfU/app/resources/app.asar/node_modules/builder-util-runtime/src/httpExecutor.ts:73:17)
    at GitHubProvider.httpRequest (/tmp/.mount_standagXYCfU/app/resources/app.asar/node_modules/electron-updater/src/Provider.ts:26:26)
    at /tmp/.mount_standagXYCfU/app/resources/app.asar/node_modules/electron-updater/src/GitHubProvider.ts:38:41
    at Generator.next (<anonymous>)
From previous event:
    at GitHubProvider.getLatestVersion (/tmp/.mount_standagXYCfU/app/resources/app.asar/node_modules/electron-updater/out/GitHubProvider.js:167:7)
    at /tmp/.mount_standagXYCfU/app/resources/app.asar/node_modules/electron-updater/src/AppUpdater.ts:304:25
    at Generator.next (<anonymous>)
    at runCallback (timers.js:781:20)
    at tryOnImmediate (timers.js:743:5)
    at processImmediate [as _immediateCallback] (timers.js:714:5)
From previous event:
    at AppImageUpdater.getUpdateInfo (/tmp/.mount_standagXYCfU/app/resources/app.asar/node_modules/electron-updater/out/AppUpdater.js:460:7)
    at /tmp/.mount_standagXYCfU/app/resources/app.asar/node_modules/electron-updater/src/AppUpdater.ts:308:35
    at Generator.next (<anonymous>)
From previous event:
    at AppImageUpdater.doCheckForUpdates (/tmp/.mount_standagXYCfU/app/resources/app.asar/node_modules/electron-updater/out/AppUpdater.js:502:7)
    at /tmp/.mount_standagXYCfU/app/resources/app.asar/node_modules/electron-updater/src/AppUpdater.ts:279:25
    at Generator.next (<anonymous>)
    at runCallback (timers.js:781:20)
    at tryOnImmediate (timers.js:743:5)
    at processImmediate [as _immediateCallback] (timers.js:714:5)
From previous event:
    at AppImageUpdater._checkForUpdates (/tmp/.mount_standagXYCfU/app/resources/app.asar/node_modules/electron-updater/out/AppUpdater.js:433:7)
    at AppImageUpdater.checkForUpdates (/tmp/.mount_standagXYCfU/app/resources/app.asar/node_modules/electron-updater/src/AppUpdater.ts:217:35)
    at UpdateManager.__checkAutoupdate (/tmp/.mount_standagXYCfU/app/resources/app.asar/dist/javascripts/main/updateManager.js:144:21)
    at UpdateManager.checkForUpdate (/tmp/.mount_standagXYCfU/app/resources/app.asar/dist/javascripts/main/updateManager.js:159:12)
    at /tmp/.mount_standagXYCfU/app/resources/app.asar/dist/javascripts/main/updateManager.js:54:13
    at /tmp/.mount_standagXYCfU/app/resources/app.asar/dist/javascripts/main/updateManager.js:284:9
    at /tmp/.mount_standagXYCfU/app/resources/app.asar/dist/javascripts/main/fileUtils.js:39:9
    at tryToString (fs.js:513:3)
    at FSReqWrap.readFileAfterClose [as oncomplete] (fs.js:501:12)
[2019-06-20 20:50:34:0031] [info] Checking for update
[2019-06-20 20:50:36:0005] [info] Update for version 3.0.14 is not available (latest version: 3.0.14, downgrade is disallowed).
[2019-06-22 07:46:48:0833] [info] Checking for update
[2019-06-22 07:46:50:0426] [info] Update for version 3.0.14 is not available (latest version: 3.0.14, downgrade is disallowed).
[2019-06-22 22:25:00:0711] [info] Checking for update
[2019-06-22 22:25:02:0693] [info] Update for version 3.0.14 is not available (latest version: 3.0.14, downgrade is disallowed).
[2019-06-22 22:26:06:0187] [info] Checking for update
[2019-06-22 22:26:07:0907] [info] Update for version 3.0.14 is not available (latest version: 3.0.14, downgrade is disallowed).
[2019-06-23 04:57:18:0584] [info] Checking for update
[2019-06-23 04:57:20:0117] [info] Update for version 3.0.14 is not available (latest version: 3.0.14, downgrade is disallowed).
[2019-06-23 13:51:33:0996] [info] Checking for update
[2019-06-23 13:51:35:0708] [info] Update for version 3.0.14 is not available (latest version: 3.0.14, downgrade is disallowed).
[2019-06-23 13:52:48:0984] [info] Checking for update
[2019-06-23 13:52:50:0446] [info] Update for version 3.0.14 is not available (latest version: 3.0.14, downgrade is disallowed).
[2019-06-23 13:53:17:0183] [info] Checking for update
[2019-06-23 13:53:19:0016] [info] Update for version 3.0.14 is not available (latest version: 3.0.14, downgrade is disallowed).
[2019-06-23 14:28:24:0165] [info] Checking for update
[2019-06-23 14:28:27:0147] [info] Update for version 3.0.14 is not available (latest version: 3.0.14, downgrade is disallowed).
[2019-07-06 22:08:12:0790] [info] Checking for update
[2019-07-06 22:08:15:0183] [info] Found version 3.0.15 (url: standard-notes-3.0.15-x86_64.AppImage)
[2019-07-06 22:08:15:0184] [info] Downloading update from standard-notes-3.0.15-x86_64.AppImage
[2019-07-06 22:08:15:0203] [info] No cached update available
[2019-07-06 22:08:15:0783] [info] File has 605 changed blocks
[2019-07-06 22:08:15:0786] [info] Full: 59,897.1 KB, To download: 12,577.28 KB (21%)
[2019-07-06 22:08:15:0792] [info] Differential download: https://github.com/standardnotes/desktop/releases/download/v3.0.15/standard-notes-3.0.15-x86_64.AppImage
[2019-07-06 22:08:15:0968] [info] Redirect to https://github-production-release-asset-2e65be.s3.amazonaws.com/77399704/de6b7f00-9777-11e9-91cb-7c1366af1d9b
[2019-07-06 22:08:22:0558] [info] New version 3.0.15 has been downloaded to /home/terminus/.config/Standard Notes/standard-notes-3.0.15-x86_64.AppImage
[2019-07-07 16:05:30:0444] [info] Auto install update on quit
[2019-07-07 16:05:30:0445] [info] Install: isSilent: true, isRunAfter: false
[2019-07-10 04:20:54:0179] [info] Checking for update
[2019-07-10 04:21:10:0519] [info] Update for version 3.0.15 is not available (latest version: 3.0.15, downgrade is disallowed).
[2019-07-16 17:16:33:0812] [info] Checking for update
[2019-07-16 17:16:35:0523] [info] Update for version 3.0.15 is not available (latest version: 3.0.15, downgrade is disallowed).
[2019-07-18 04:00:50:0471] [info] Checking for update
[2019-07-18 04:00:52:0452] [info] Update for version 3.0.15 is not available (latest version: 3.0.15, downgrade is disallowed).
[2019-07-18 04:01:24:0558] [info] Checking for update
[2019-07-18 04:01:26:0061] [info] Update for version 3.0.15 is not available (latest version: 3.0.15, downgrade is disallowed).
[2019-07-25 11:49:27:0828] [info] Checking for update
[2019-07-25 11:49:29:0924] [info] Update for version 3.0.15 is not available (latest version: 3.0.15, downgrade is disallowed).
[2019-07-25 11:51:41:0125] [info] Checking for update
[2019-07-25 11:51:43:0355] [info] Update for version 3.0.15 is not available (latest version: 3.0.15, downgrade is disallowed).
[2019-07-25 11:53:19:0798] [info] Checking for update
[2019-07-25 11:53:22:0285] [info] Update for version 3.0.15 is not available (latest version: 3.0.15, downgrade is disallowed).
